Loading...
Found 185 carparks
[1/185] EDGE: Kwai Tsing
[2/185] Tin Hau Car Park: Wan Chai
[3/185] Tsuen Wan Car Park: Tsuen Wan
[4/185] Centre Parc: Kwun Tong
[5/185] Chelsea Heights Phase I: Tuen Mun
[6/185] Mei Foo Sun Chuen Stage 4: Lai Chi Kok
[7/185] Mei Foo Sun Chuen Stage 7: Sham Shui Po
[8/185] Nan Fung Commercial Centre: Kwun Tong
[9/185] New Town Mansion: Tuen Mun
[10/185] No. 8 Observatory Road: Tsim Sha Tsui
[11/185] Wang Kwong Road: Kowloon Bay
[12/185] KC100: Kwai Tsing
[13/185] Brighton Place: Tsuen Wan
[14/185] Wing Lung Street: Sham Shui Po
[15/185] Tsuen King Circuit: Tsuen Wan
[16/185] Wu Shan Road: Tuen Mun
[17/185] The ONE: Tsim Sha Tsui
[18/185] Tsan Yung Mansion: Ho Man Tin
[19/185] Hoi Wah Road: Tuen Mun
[20/185] Capital Building: Sham Shui Po
[21/185] South Lane: Shek Tong Tsui
[22/185] Venice Garden: North
[23/185] Ho Fai Garden: Tsuen Wan
[24/185] Bellagio: Sham Tseng
[25/185] East Town Building: Wan Chai
[26/185] AEON Lai Chi Kok Store: Sham Shui Po
[27/185] Two Sky Parc: Kwun Tong
[28/185] Kailey Industrial Centre: Eastern
[29/185] Eightland Gardens: Tai Po
[30/185] Chelsea Heights Phase II: Tuen Mun
[31/185] Chi Fu Landmark: Pok Fu Lam
[32/185] Western Wholesale Food Market : Shek Tong Tsui
[33/185] Kwai Fong Terrace: Kwai Tsing
[34/185] Grand Waterfront: Ma Tau Kok
[35/185] Shanghai Industrial Investment: Wan Chai
[36/185] Hong Kong Plaza: Shek Tong Tsui
[37/185] Wonderland Villas (Eastern): Kwai Tsing
[38/185] Blossom Garden: Tuen Mun
[39/185] HSBC Centre: Tai Kok Tsui
[40/185] Chinachem Century Tower: Wan Chai
[41/185] Hilton Plaza: Sha Tin Central
[42/185] Wealthy Garden: Tsuen Wan
[43/185] Lun Fung Court: Shek Tong Tsui
[44/185] Tsuen Kam Centre: Tsuen Wan
[45/185] Tsuen Wan Centre : Tsuen Wan
[46/185] Botania Villa: Tuen Mun
[47/185] Wah Ming Centre: Shek Tong Tsui
[48/185] K-Point: Tuen Mun
[49/185] Castello: Siu Lek Yuen
[50/185] Millennium Trade Centre: Kwai Tsing
[51/185] Grand City Plaza: Tsuen Wan Town
[52/185] Peninsula Tower: Sham Shui Po
[53/185] Millennium City 1 : Kwun Tong
[54/185] Millennium City 2 & 3: Kwun Tong
[55/185] Millennium City 6: Kwun Tong
[56/185] Fung Nam Road: North
[57/185] San Shing Avenue: North
[58/185] Sun Kwai Hing Plaza: Kwai Tsing
[59/185] Metropolis Plaza: North
[60/185] Yuen Long Plaza: Yuen Long
[61/185] Thriving Industrial Centre: Tsuen Wan
[62/185] The Chelsea : Sheung Wan
[63/185] Admiralty Car Park: Admiralty
[64/185] New Tech Plaza: San Po Kong
[65/185] Evergreen Court: Tai Po
[66/185] Fanling Town Centre: North
[67/185] Shatin Park Stage 1: Sha Tin
[68/185] Shatin Park Stage 3: Sha Tin
[69/185] Sheung Shui Town Centre: North
[70/185] Tak Bo Garden: Jordan Valley
[71/185] 8 Commercial Tower: Eastern
[72/185] Austin Tower: Tsim Sha Tsui
[73/185] Concord Square: Tsuen Wan
[74/185] Grandway Garden: Sha Tin
[75/185] Wai Wah Centre: Sha Tin
[76/185] Cheung Sha Wan Wholesale Food : Sham Shui Po
[77/185] South Wave Court: Sham Wan
[78/185] Sai Kung Garden: Sai Kung Town Centre
[79/185] Harbour Pinnacle: Yau Tsim Mong
[80/185] Bedford Road: Tai Kok Tsui
[81/185] CCT Telecom Building: Sha Tin
[82/185] Two Chinachem Exchange Square: North Point
[83/185] Hop Yick Plaza: Yuen Long
[84/185] Southmark: Wong Chuk Hang
[85/185] Chinachem Tsuen Wan Plaza: Tsuen Wan
[86/185] Cheong Shing Court: Kowloon City
[87/185] Siu On Centre: Wan Chai
[88/185] New Mandarin Plaza: Yau Tsim Mong
[89/185] Sai Kung Town Centre: Sai Kung Town Centre
[90/185] Peninsula Square: Hung Hom
[91/185] Sunway Gardens: Quarry Bay
[92/185] Kam Tao Building: Wan Chai
[93/185] Eldo Court: Tuen Mun
[94/185] HK Sanatorium & Hospital: Wan Chai
[95/185] Dragon Centre (Sham Shui Po): Sham Shui Po
[96/185] Lai Bo Garden: Sham Shui Po
[97/185] Fortune Plaza: Tai Po
[98/185] Tsuen Wan Plaza: Tsuen Wan Town
[99/185] Easy Tower: Sham Shui Po
[100/185] Harbour Heights O/A: Eastern
[101/185] Hong Lai Gardens: Tuen Mun
[102/185] YOHO PLUS: Yuen Long
[103/185] The Sun Arcade: Yau Tsim Mong
[104/185] Onbury: Ho Man Tin
[105/185] Chinachem Golden Plaza: Yau Tsim Mong
[106/185] Ho Shun Tai Building: Yuen Long Town
[107/185] Shun Fook Barn Car Park: Yuen Long Town
[108/185] The Park Lane: Causeway Bay
[109/185] Fu Shing Building: Yuen Long Town
[110/185] Viking Gardens: Wan Chai
[111/185] Po Sing Centre: Kwai Tsing
[112/185] Kwai Sing Centre: Kwai Tsing
[113/185] Victoria Centre: Wan Chai
[114/185] Kwai Fong Car Park: Kwai Tsing
[115/185] City Hall Car Park: Central
[116/185] Star Ferry Car Park: Central
[117/185] World Trade Centre: Causeway Bay
[118/185] Verbena Heights: Po Lam
[119/185] The Pinnacle: Po Lam
[120/185] Lancashire Centre: Shau Kei Wan
[121/185] Port 33: San Po Kong
[122/185] Hyatt Centric: North Point
[123/185] HKIA Car Park 1: Chek Lap Kok
[124/185] HKIA Car Park 4: Chek Lap Kok
[125/185] HKIA Loading Dock 1: Chek Lap Kok
[126/185] Coda Plaza: Mid-Levels
[127/185] Car Park 1, HZMB Hong Kong Por: Chek Lap Kok
[128/185] Car Park 2, HZMB Hong Kong Por: Chek Lap Kok
[129/185] Car Park 3, HZMB Hong Kong Por: Chek Lap Kok
[130/185] Car Park 4, HZMB Hong Kong Por: Chek Lap Kok
[131/185] Car Park 5, HZMB Hong Kong Por: Chek Lap Kok
[132/185] Tsuen Wan West Station: Tsuen Wan Town
[133/185] One Sky Parc: Kwun Tong
[134/185] HKIA Prebooked Taxi Pick-up Zo: Chek Lap Kok
[135/185] HKIA LGV (Hourly) Parking Area: Chek Lap Kok
[136/185] Clague Garden Estate: Tsuen Wan Town
[137/185] 909 Cheung Sha Wan Road: Sham Shui Po
[138/185] Cayman Rise: Kennedy Town
[139/185] Yue Kwong Chuen: Aberdeen
[140/185] Marina 8: Wong Chuk Hang
[141/185] Mei Foo Sun Chuen Stage 8: Lai Chi Kok
[142/185] Yuk Yat Street : To Kwa Wan
[143/185] International Trade Centre: Tsuen Wan
[144/185] Wetland Public Vehicle Park: Yuen Long
[145/185] Lucky Plaza: Sha Tin
[146/185] Tai Po Mega Mall Multi-Storey : Tai Po Town
[147/185] Honour Industrial Centre: Eastern
[148/185] New Commerce Centre: Shek Mun
[149/185] New Trade Plaza: Shek Mun
[150/185] West Gate Open Car Park, West : Yau Ma Tei
[151/185] Hong Kong Palace Museum Car Pa: Yau Ma Tei
[152/185] Art Park Car Park, West Kowloo: Yau Ma Tei
[153/185] M+ Car Park, West Kowloon Cult: Yau Ma Tei
[154/185] Brill Plaza: To Kwa Wan
[155/185] Scramble Hill: Kwun Tong
[156/185] Hi-Tech Industrial Centre: Tsuen Wan
[157/185] Valiant Industrial Centre: Fo Tan
[158/185] The Burrow: San Po Kong
[159/185] Mega Trade Centre: Tsuen Wan
[160/185] Beauty Court: Hung Shui Kiu
[161/185] Aster Court: Hung Shui Kiu
[162/185] Tonic Industrial Centre: Kowloon Bay
[163/185] Eight Regency: Tuen Mun
[164/185] SOHO West: Cheung Sha Wan
[165/185] Mayfair Gardens: Kwai Tsing
[166/185] Kodak House II: Eastern
[167/185] Hoi Wah Road (II): Tuen Mun
[168/185] V Walk: Sham Shui Po
[169/185] GO PARK Sai Sha: Tai Po
[170/185] Harbour North Phase 2-3: North Point
[171/185] Ka Fu Fong Public Car Park: North
[172/185] Technology Plaza: Eastern
[173/185] S22: Wong Chuk Hang
[174/185] GO PARK Aqua Public Car Park: Tai Po
[175/185] Yue Ying Lau: Southern
[176/185] One Causeway Bay: Causeway Bay
[177/185] Wonderland Villas (Southern): Kwai Tsing
[178/185] Wonderland Villas (Northern): Kwai Tsing
[179/185] GO PARK 2: Tai Po
[180/185] Pak Shing Kok Road Public Car : Pak Shing Kok
[181/185] Heung Yuen Wai Boundary Contro: Huangbei Sub-district
[182/185] Cullinan Sky Mall: Kowloon City
[183/185] Tseung Kwan O Government Offic: Sai Kung
[184/185] International Gateway Centre (: Yau Ma Tei
[185/185] HKIA Loading Dock 2: Chek Lap Kok

Saved to data_wilson/carparks.csv

=== District Summary ===
district
Tsuen Wan         13
Kwai Tsing        12
Tuen Mun          12
Sham Shui Po      11
Chek Lap Kok      11
Wan Chai           9
Kwun Tong          8
North              7
Sha Tin            6
Eastern            6
Tai Po             6
Yau Ma Tei         5
Shek Tong Tsui     5
Yuen Long          4
Yau Tsim Mong      4
Name: count, dtype: int64
